.title "Over Due Member List : Grade, Teacher"
.category Circulation
.layout overdue title="Overdue Letters"
.column bibid hidden
.column copyid hidden
.column mbrid hidden
.column barcode_nmbr sort=barcode_nmbr
.column title sort=title func=biblio_link
.column author sort=author
.column member_bcode sort=member_bcode
.column name sort=name func=member_link
.column school_grade title="Grade" sort=school_grade
.column school_teacher title="Teacher" sort=school_teacher
.column status_begin_dt sort=status_begin_dt
.column due_back_dt sort=due_back_dt
.column days_late sort=days_late
.parameters
.	date as_of title="As of" default="today"
.	select grade_sel title="Grade"
.		item ''
.sql
# 0.6.0: SQL in RPT .select parameter should be one line, unwrapped
SELECT DISTINCT data AS value, data AS title FROM member_fields WHERE code = 'schoolGrade' ORDER BY title
.end sql
.	end select
.	select criteria1 default=start title="... or Grade"
.		item start title="Starts With"
.		item trunc title="Contains"
.	end select
.	string grade title="..."
.	select criteria2 default=trunc title="Teacher Name"
.		item start title="Starts With"
.		item trunc title="Contains"
.	end select
.	string teacher title="..."
.	order_by default=school_grade
.		item barcode_nmbr expr='c.barcode_nmbr'
.		item callno expr="concat_ws(' ', b.call_nmbr1, b.call_nmbr2, b.call_nmbr3)"
.		item title
.		item author
.		item member_bcode expr='m.barcode_nmbr'
.		item name expr="concat(m.last_name, ', ', m.first_name)"
.		item school_grade title="Grade, Name" expr="concat_ws(' ', school_grade, m.last_name, ', ', m.first_name)"
.		item school_teacher title="Teacher, Grade, Name" expr="concat_ws(' ', school_teacher, school_grade, m.last_name, ', ', m.first_name)"
.		item status_begin_dt
.		item due_back_dt
.	end order_by
.end parameters
.sql
	SELECT c.bibid, c.copyid, m.mbrid, c.barcode_nmbr,
		concat_ws(' ', b.call_nmbr1, b.call_nmbr2, b.call_nmbr3) as callno,
		b.title, b.author, c.status_begin_dt,
		c.due_back_dt, m.barcode_nmbr member_bcode,
		concat(m.last_name, ', ', m.first_name) name,
		school_grade.data school_grade, school_teacher.data school_teacher,
		floor(to_days(now())-to_days(c.due_back_dt)) days_late
	FROM biblio b, biblio_copy c, member m
	LEFT JOIN member_fields AS school_grade ON school_grade.mbrid=m.mbrid
		AND school_grade.code='schoolGrade'
	LEFT JOIN member_fields AS school_teacher ON school_teacher.mbrid=m.mbrid
		AND school_teacher.code='schoolTeacher'
	WHERE b.bibid = c.bibid
		AND c.mbrid = m.mbrid
		AND c.status_cd = 'out'
.	if_set as_of
		AND c.due_back_dt < %as_of%
.	end if_set
.	if_set grade
.		if_equal criteria1 start
			AND school_grade.data LIKE '%"grade%%%'
.		end if_set
.		if_equal criteria1 trunc
			AND school_grade.data LIKE '%%%"grade%%%'		
.		end if_set
.	else
.		if_not_equal grade_sel ''
			AND school_grade.data = %grade_sel%
.		end if_set
.	end if_set
.	if_set teacher
.		if_equal criteria2 start
			AND school_teacher.data LIKE '%"teacher%%%'
.		end if_set
.		if_equal criteria2 trunc
			AND school_teacher.data LIKE '%%%"teacher%%%'
.		end if_set
.	end if_set
.	order_by_expr
.end sql